{"C:\\Users\\kirubhakaran\\sweet-shop\\backend\\server.js": {"path":"C:\\Users\\kirubhakaran\\sweet-shop\\backend\\server.js","statementMap":{"0":{"start":{"line":1,"column":16},"end":{"line":1,"column":34}},"1":{"start":{"line":2,"column":17},"end":{"line":2,"column":36}},"2":{"start":{"line":3,"column":13},"end":{"line":3,"column":28}},"3":{"start":{"line":4,"column":0},"end":{"line":4,"column":27}},"4":{"start":{"line":6,"column":12},"end":{"line":6,"column":21}},"5":{"start":{"line":9,"column":0},"end":{"line":9,"column":16}},"6":{"start":{"line":10,"column":0},"end":{"line":10,"column":24}},"7":{"start":{"line":13,"column":19},"end":{"line":13,"column":43}},"8":{"start":{"line":14,"column":21},"end":{"line":14,"column":47}},"9":{"start":{"line":15,"column":0},"end":{"line":15,"column":33}},"10":{"start":{"line":16,"column":0},"end":{"line":16,"column":37}},"11":{"start":{"line":19,"column":0},"end":{"line":21,"column":54}},"12":{"start":{"line":20,"column":14},"end":{"line":20,"column":48}},"13":{"start":{"line":21,"column":16},"end":{"line":21,"column":52}},"14":{"start":{"line":24,"column":0},"end":{"line":26,"column":3}},"15":{"start":{"line":25,"column":2},"end":{"line":25,"column":51}},"16":{"start":{"line":28,"column":13},"end":{"line":28,"column":37}},"17":{"start":{"line":31,"column":0},"end":{"line":35,"column":1}},"18":{"start":{"line":32,"column":2},"end":{"line":34,"column":5}},"19":{"start":{"line":33,"column":4},"end":{"line":33,"column":53}},"20":{"start":{"line":37,"column":0},"end":{"line":37,"column":21}}},"fnMap":{"0":{"name":"(anonymous_0)","decl":{"start":{"line":20,"column":8},"end":{"line":20,"column":9}},"loc":{"start":{"line":20,"column":14},"end":{"line":20,"column":48}},"line":20},"1":{"name":"(anonymous_1)","decl":{"start":{"line":21,"column":9},"end":{"line":21,"column":10}},"loc":{"start":{"line":21,"column":16},"end":{"line":21,"column":52}},"line":21},"2":{"name":"(anonymous_2)","decl":{"start":{"line":24,"column":13},"end":{"line":24,"column":14}},"loc":{"start":{"line":24,"column":27},"end":{"line":26,"column":1}},"line":24},"3":{"name":"(anonymous_3)","decl":{"start":{"line":32,"column":19},"end":{"line":32,"column":20}},"loc":{"start":{"line":32,"column":25},"end":{"line":34,"column":3}},"line":32}},"branchMap":{"0":{"loc":{"start":{"line":28,"column":13},"end":{"line":28,"column":37}},"type":"binary-expr","locations":[{"start":{"line":28,"column":13},"end":{"line":28,"column":29}},{"start":{"line":28,"column":33},"end":{"line":28,"column":37}}],"line":28},"1":{"loc":{"start":{"line":31,"column":0},"end":{"line":35,"column":1}},"type":"if","locations":[{"start":{"line":31,"column":0},"end":{"line":35,"column":1}},{"start":{},"end":{}}],"line":31}},"s":{"0":2,"1":2,"2":2,"3":2,"4":2,"5":2,"6":2,"7":2,"8":2,"9":2,"10":2,"11":2,"12":2,"13":0,"14":2,"15":0,"16":2,"17":2,"18":0,"19":0,"20":2},"f":{"0":2,"1":0,"2":0,"3":0},"b":{"0":[2,2],"1":[0,2]},"_coverageSchema":"1a1c01bbd47fc00a2c39e90264f33305004495a9","hash":"c20bf72829e5fafa3cc81e201c9f4a6940e287c2"}
,"C:\\Users\\kirubhakaran\\sweet-shop\\backend\\middleware\\auth.js": {"path":"C:\\Users\\kirubhakaran\\sweet-shop\\backend\\middleware\\auth.js","statementMap":{"0":{"start":{"line":1,"column":12},"end":{"line":1,"column":35}},"1":{"start":{"line":3,"column":13},"end":{"line":14,"column":1}},"2":{"start":{"line":4,"column":16},"end":{"line":4,"column":67}},"3":{"start":{"line":5,"column":2},"end":{"line":5,"column":85}},"4":{"start":{"line":5,"column":14},"end":{"line":5,"column":85}},"5":{"start":{"line":7,"column":2},"end":{"line":13,"column":3}},"6":{"start":{"line":8,"column":20},"end":{"line":8,"column":61}},"7":{"start":{"line":9,"column":4},"end":{"line":9,"column":23}},"8":{"start":{"line":10,"column":4},"end":{"line":10,"column":11}},"9":{"start":{"line":12,"column":4},"end":{"line":12,"column":56}},"10":{"start":{"line":16,"column":0},"end":{"line":16,"column":22}}},"fnMap":{"0":{"name":"(anonymous_0)","decl":{"start":{"line":3,"column":13},"end":{"line":3,"column":14}},"loc":{"start":{"line":3,"column":33},"end":{"line":14,"column":1}},"line":3}},"branchMap":{"0":{"loc":{"start":{"line":5,"column":2},"end":{"line":5,"column":85}},"type":"if","locations":[{"start":{"line":5,"column":2},"end":{"line":5,"column":85}},{"start":{},"end":{}}],"line":5}},"s":{"0":2,"1":2,"2":2,"3":2,"4":0,"5":2,"6":2,"7":0,"8":0,"9":2,"10":2},"f":{"0":2},"b":{"0":[0,2]},"_coverageSchema":"1a1c01bbd47fc00a2c39e90264f33305004495a9","hash":"9d8cf7cd7e13fa08bedab02b29d9f04823648bc0"}
,"C:\\Users\\kirubhakaran\\sweet-shop\\backend\\models\\Sweet.js": {"path":"C:\\Users\\kirubhakaran\\sweet-shop\\backend\\models\\Sweet.js","statementMap":{"0":{"start":{"line":1,"column":17},"end":{"line":1,"column":36}},"1":{"start":{"line":2,"column":20},"end":{"line":7,"column":24}},"2":{"start":{"line":9,"column":0},"end":{"line":9,"column":54}}},"fnMap":{},"branchMap":{},"s":{"0":2,"1":2,"2":2},"f":{},"b":{},"_coverageSchema":"1a1c01bbd47fc00a2c39e90264f33305004495a9","hash":"38d11b7f3f4189fffd7756cec72f91a35546ba02"}
,"C:\\Users\\kirubhakaran\\sweet-shop\\backend\\models\\User.js": {"path":"C:\\Users\\kirubhakaran\\sweet-shop\\backend\\models\\User.js","statementMap":{"0":{"start":{"line":1,"column":17},"end":{"line":1,"column":36}},"1":{"start":{"line":2,"column":19},"end":{"line":6,"column":2}},"2":{"start":{"line":7,"column":0},"end":{"line":7,"column":52}}},"fnMap":{},"branchMap":{},"s":{"0":2,"1":2,"2":2},"f":{},"b":{},"_coverageSchema":"1a1c01bbd47fc00a2c39e90264f33305004495a9","hash":"bd5360e16090e11562c4284046c72ef7d7b78269"}
,"C:\\Users\\kirubhakaran\\sweet-shop\\backend\\routes\\auth.js": {"path":"C:\\Users\\kirubhakaran\\sweet-shop\\backend\\routes\\auth.js","statementMap":{"0":{"start":{"line":1,"column":16},"end":{"line":1,"column":34}},"1":{"start":{"line":2,"column":15},"end":{"line":2,"column":34}},"2":{"start":{"line":3,"column":12},"end":{"line":3,"column":35}},"3":{"start":{"line":4,"column":13},"end":{"line":4,"column":38}},"4":{"start":{"line":5,"column":15},"end":{"line":5,"column":31}},"5":{"start":{"line":8,"column":0},"end":{"line":26,"column":3}},"6":{"start":{"line":9,"column":30},"end":{"line":9,"column":38}},"7":{"start":{"line":11,"column":2},"end":{"line":25,"column":3}},"8":{"start":{"line":12,"column":15},"end":{"line":12,"column":44}},"9":{"start":{"line":13,"column":4},"end":{"line":13,"column":74}},"10":{"start":{"line":13,"column":14},"end":{"line":13,"column":74}},"11":{"start":{"line":15,"column":4},"end":{"line":15,"column":41}},"12":{"start":{"line":16,"column":4},"end":{"line":16,"column":52}},"13":{"start":{"line":17,"column":4},"end":{"line":17,"column":22}},"14":{"start":{"line":19,"column":20},"end":{"line":19,"column":52}},"15":{"start":{"line":20,"column":18},"end":{"line":20,"column":80}},"16":{"start":{"line":22,"column":4},"end":{"line":22,"column":36}},"17":{"start":{"line":24,"column":4},"end":{"line":24,"column":50}},"18":{"start":{"line":29,"column":0},"end":{"line":46,"column":3}},"19":{"start":{"line":30,"column":30},"end":{"line":30,"column":38}},"20":{"start":{"line":32,"column":2},"end":{"line":45,"column":3}},"21":{"start":{"line":33,"column":17},"end":{"line":33,"column":46}},"22":{"start":{"line":34,"column":4},"end":{"line":34,"column":75}},"23":{"start":{"line":34,"column":15},"end":{"line":34,"column":75}},"24":{"start":{"line":36,"column":20},"end":{"line":36,"column":65}},"25":{"start":{"line":37,"column":4},"end":{"line":37,"column":78}},"26":{"start":{"line":37,"column":18},"end":{"line":37,"column":78}},"27":{"start":{"line":39,"column":20},"end":{"line":39,"column":52}},"28":{"start":{"line":40,"column":18},"end":{"line":40,"column":80}},"29":{"start":{"line":42,"column":4},"end":{"line":42,"column":24}},"30":{"start":{"line":44,"column":4},"end":{"line":44,"column":50}},"31":{"start":{"line":48,"column":0},"end":{"line":48,"column":24}}},"fnMap":{"0":{"name":"(anonymous_0)","decl":{"start":{"line":8,"column":25},"end":{"line":8,"column":26}},"loc":{"start":{"line":8,"column":45},"end":{"line":26,"column":1}},"line":8},"1":{"name":"(anonymous_1)","decl":{"start":{"line":29,"column":22},"end":{"line":29,"column":23}},"loc":{"start":{"line":29,"column":42},"end":{"line":46,"column":1}},"line":29}},"branchMap":{"0":{"loc":{"start":{"line":13,"column":4},"end":{"line":13,"column":74}},"type":"if","locations":[{"start":{"line":13,"column":4},"end":{"line":13,"column":74}},{"start":{},"end":{}}],"line":13},"1":{"loc":{"start":{"line":34,"column":4},"end":{"line":34,"column":75}},"type":"if","locations":[{"start":{"line":34,"column":4},"end":{"line":34,"column":75}},{"start":{},"end":{}}],"line":34},"2":{"loc":{"start":{"line":37,"column":4},"end":{"line":37,"column":78}},"type":"if","locations":[{"start":{"line":37,"column":4},"end":{"line":37,"column":78}},{"start":{},"end":{}}],"line":37}},"s":{"0":2,"1":2,"2":2,"3":2,"4":2,"5":2,"6":1,"7":1,"8":1,"9":1,"10":0,"11":1,"12":1,"13":1,"14":1,"15":1,"16":1,"17":0,"18":2,"19":0,"20":0,"21":0,"22":0,"23":0,"24":0,"25":0,"26":0,"27":0,"28":0,"29":0,"30":0,"31":2},"f":{"0":1,"1":0},"b":{"0":[0,1],"1":[0,0],"2":[0,0]},"_coverageSchema":"1a1c01bbd47fc00a2c39e90264f33305004495a9","hash":"b5550978149d5d47069f4b1505471744643a491d"}
,"C:\\Users\\kirubhakaran\\sweet-shop\\backend\\routes\\sweets.js": {"path":"C:\\Users\\kirubhakaran\\sweet-shop\\backend\\routes\\sweets.js","statementMap":{"0":{"start":{"line":1,"column":16},"end":{"line":1,"column":34}},"1":{"start":{"line":2,"column":14},"end":{"line":2,"column":40}},"2":{"start":{"line":3,"column":13},"end":{"line":3,"column":42}},"3":{"start":{"line":4,"column":15},"end":{"line":4,"column":31}},"4":{"start":{"line":7,"column":0},"end":{"line":23,"column":3}},"5":{"start":{"line":8,"column":2},"end":{"line":22,"column":3}},"6":{"start":{"line":9,"column":48},"end":{"line":9,"column":57}},"7":{"start":{"line":10,"column":16},"end":{"line":10,"column":18}},"8":{"start":{"line":12,"column":4},"end":{"line":12,"column":53}},"9":{"start":{"line":12,"column":11},"end":{"line":12,"column":53}},"10":{"start":{"line":13,"column":4},"end":{"line":13,"column":44}},"11":{"start":{"line":13,"column":18},"end":{"line":13,"column":44}},"12":{"start":{"line":14,"column":4},"end":{"line":14,"column":47}},"13":{"start":{"line":14,"column":30},"end":{"line":14,"column":47}},"14":{"start":{"line":15,"column":4},"end":{"line":15,"column":58}},"15":{"start":{"line":15,"column":18},"end":{"line":15,"column":58}},"16":{"start":{"line":16,"column":4},"end":{"line":16,"column":58}},"17":{"start":{"line":16,"column":18},"end":{"line":16,"column":58}},"18":{"start":{"line":18,"column":19},"end":{"line":18,"column":42}},"19":{"start":{"line":19,"column":4},"end":{"line":19,"column":21}},"20":{"start":{"line":21,"column":4},"end":{"line":21,"column":50}},"21":{"start":{"line":26,"column":0},"end":{"line":34,"column":3}},"22":{"start":{"line":27,"column":2},"end":{"line":33,"column":3}},"23":{"start":{"line":28,"column":18},"end":{"line":28,"column":37}},"24":{"start":{"line":29,"column":4},"end":{"line":29,"column":23}},"25":{"start":{"line":30,"column":4},"end":{"line":30,"column":32}},"26":{"start":{"line":32,"column":4},"end":{"line":32,"column":47}},"27":{"start":{"line":37,"column":0},"end":{"line":51,"column":3}},"28":{"start":{"line":38,"column":2},"end":{"line":50,"column":3}},"29":{"start":{"line":39,"column":18},"end":{"line":39,"column":53}},"30":{"start":{"line":40,"column":4},"end":{"line":40,"column":72}},"31":{"start":{"line":40,"column":16},"end":{"line":40,"column":72}},"32":{"start":{"line":42,"column":4},"end":{"line":42,"column":82}},"33":{"start":{"line":42,"column":29},"end":{"line":42,"column":82}},"34":{"start":{"line":44,"column":4},"end":{"line":44,"column":24}},"35":{"start":{"line":45,"column":4},"end":{"line":45,"column":23}},"36":{"start":{"line":47,"column":4},"end":{"line":47,"column":59}},"37":{"start":{"line":49,"column":4},"end":{"line":49,"column":50}},"38":{"start":{"line":54,"column":0},"end":{"line":62,"column":3}},"39":{"start":{"line":55,"column":2},"end":{"line":61,"column":3}},"40":{"start":{"line":56,"column":18},"end":{"line":56,"column":87}},"41":{"start":{"line":57,"column":4},"end":{"line":57,"column":72}},"42":{"start":{"line":57,"column":16},"end":{"line":57,"column":72}},"43":{"start":{"line":58,"column":4},"end":{"line":58,"column":20}},"44":{"start":{"line":60,"column":4},"end":{"line":60,"column":47}},"45":{"start":{"line":65,"column":0},"end":{"line":73,"column":3}},"46":{"start":{"line":66,"column":2},"end":{"line":72,"column":3}},"47":{"start":{"line":67,"column":18},"end":{"line":67,"column":62}},"48":{"start":{"line":68,"column":4},"end":{"line":68,"column":72}},"49":{"start":{"line":68,"column":16},"end":{"line":68,"column":72}},"50":{"start":{"line":69,"column":4},"end":{"line":69,"column":39}},"51":{"start":{"line":71,"column":4},"end":{"line":71,"column":50}},"52":{"start":{"line":75,"column":0},"end":{"line":75,"column":24}}},"fnMap":{"0":{"name":"(anonymous_0)","decl":{"start":{"line":7,"column":16},"end":{"line":7,"column":17}},"loc":{"start":{"line":7,"column":36},"end":{"line":23,"column":1}},"line":7},"1":{"name":"(anonymous_1)","decl":{"start":{"line":26,"column":23},"end":{"line":26,"column":24}},"loc":{"start":{"line":26,"column":43},"end":{"line":34,"column":1}},"line":26},"2":{"name":"(anonymous_2)","decl":{"start":{"line":37,"column":35},"end":{"line":37,"column":36}},"loc":{"start":{"line":37,"column":55},"end":{"line":51,"column":1}},"line":37},"3":{"name":"(anonymous_3)","decl":{"start":{"line":54,"column":25},"end":{"line":54,"column":26}},"loc":{"start":{"line":54,"column":45},"end":{"line":62,"column":1}},"line":54},"4":{"name":"(anonymous_4)","decl":{"start":{"line":65,"column":28},"end":{"line":65,"column":29}},"loc":{"start":{"line":65,"column":48},"end":{"line":73,"column":1}},"line":65}},"branchMap":{"0":{"loc":{"start":{"line":12,"column":4},"end":{"line":12,"column":53}},"type":"if","locations":[{"start":{"line":12,"column":4},"end":{"line":12,"column":53}},{"start":{},"end":{}}],"line":12},"1":{"loc":{"start":{"line":13,"column":4},"end":{"line":13,"column":44}},"type":"if","locations":[{"start":{"line":13,"column":4},"end":{"line":13,"column":44}},{"start":{},"end":{}}],"line":13},"2":{"loc":{"start":{"line":14,"column":4},"end":{"line":14,"column":47}},"type":"if","locations":[{"start":{"line":14,"column":4},"end":{"line":14,"column":47}},{"start":{},"end":{}}],"line":14},"3":{"loc":{"start":{"line":14,"column":8},"end":{"line":14,"column":28}},"type":"binary-expr","locations":[{"start":{"line":14,"column":8},"end":{"line":14,"column":16}},{"start":{"line":14,"column":20},"end":{"line":14,"column":28}}],"line":14},"4":{"loc":{"start":{"line":15,"column":4},"end":{"line":15,"column":58}},"type":"if","locations":[{"start":{"line":15,"column":4},"end":{"line":15,"column":58}},{"start":{},"end":{}}],"line":15},"5":{"loc":{"start":{"line":16,"column":4},"end":{"line":16,"column":58}},"type":"if","locations":[{"start":{"line":16,"column":4},"end":{"line":16,"column":58}},{"start":{},"end":{}}],"line":16},"6":{"loc":{"start":{"line":40,"column":4},"end":{"line":40,"column":72}},"type":"if","locations":[{"start":{"line":40,"column":4},"end":{"line":40,"column":72}},{"start":{},"end":{}}],"line":40},"7":{"loc":{"start":{"line":42,"column":4},"end":{"line":42,"column":82}},"type":"if","locations":[{"start":{"line":42,"column":4},"end":{"line":42,"column":82}},{"start":{},"end":{}}],"line":42},"8":{"loc":{"start":{"line":57,"column":4},"end":{"line":57,"column":72}},"type":"if","locations":[{"start":{"line":57,"column":4},"end":{"line":57,"column":72}},{"start":{},"end":{}}],"line":57},"9":{"loc":{"start":{"line":68,"column":4},"end":{"line":68,"column":72}},"type":"if","locations":[{"start":{"line":68,"column":4},"end":{"line":68,"column":72}},{"start":{},"end":{}}],"line":68}},"s":{"0":2,"1":2,"2":2,"3":2,"4":2,"5":1,"6":1,"7":1,"8":1,"9":0,"10":1,"11":0,"12":1,"13":0,"14":1,"15":0,"16":1,"17":0,"18":1,"19":1,"20":0,"21":2,"22":0,"23":0,"24":0,"25":0,"26":0,"27":2,"28":0,"29":0,"30":0,"31":0,"32":0,"33":0,"34":0,"35":0,"36":0,"37":0,"38":2,"39":0,"40":0,"41":0,"42":0,"43":0,"44":0,"45":2,"46":0,"47":0,"48":0,"49":0,"50":0,"51":0,"52":2},"f":{"0":1,"1":0,"2":0,"3":0,"4":0},"b":{"0":[0,1],"1":[0,1],"2":[0,1],"3":[1,1],"4":[0,1],"5":[0,1],"6":[0,0],"7":[0,0],"8":[0,0],"9":[0,0]},"_coverageSchema":"1a1c01bbd47fc00a2c39e90264f33305004495a9","hash":"ee84eb484d73edc4d35bbebffd443e63a67ca603"}
}
